<?xml version="1.0" encoding="UTF-8"?>
<testng-results ignored="0" total="1" passed="1" failed="0" skipped="0">
  <reporter-output>
  </reporter-output>
  <suite started-at="2022-11-19T14:08:14 IST" name="Default suite" finished-at="2022-11-19T14:08:14 IST" duration-ms="351">
    <groups>
    </groups>
    <test started-at="2022-11-19T14:08:14 IST" name="Default test" finished-at="2022-11-19T14:08:14 IST" duration-ms="351">
      <class name="SerialisationAndDeserialisation.DeSerialisationOfEmployeeDetailsTest">
        <test-method signature="deSerialisationOfEmployeeDetails()[pri:0, instance:SerialisationAndDeserialisation.DeSerialisationOfEmployeeDetailsTest@6fd83fc1]" started-at="2022-11-19T14:08:14 IST" name="deSerialisationOfEmployeeDetails" finished-at="2022-11-19T14:08:14 IST" duration-ms="279" status="PASS">
          <reporter-output>
          </reporter-output>
        </test-method> <!-- deSerialisationOfEmployeeDetails -->
      </class> <!-- SerialisationAndDeserialisation.DeSerialisationOfEmployeeDetailsTest -->
    </test> <!-- Default test -->
  </suite> <!-- Default suite -->
</testng-results>
